lcc.lpi Note: Aggiunte le definizioni -dBorland -dVer150 -dDelphi7 -dCompiler6_Up -dPUREPASCAL nelle opzioni personalizzate
 Progress: Trovati tutti i files delle unit
lcc.dpr(2,13) Note: Added MODE Delphi syntax modifier after unit name.
 : 
 : *** Conversione dei files delle unità che appartengono al progetto/pacchetto ***
input.pas(3,12) Note: Added MODE Delphi syntax modifier after unit name.
output.pas(3,13) Note: Added MODE Delphi syntax modifier after unit name.
errors.pas(3,13) Note: Added MODE Delphi syntax modifier after unit name.
scanner.pas Note: Modificata codifica da cp1252 a UTF-8
scanner.pas(3,14) Note: Added MODE Delphi syntax modifier after unit name.
parser.pas Note: Modificata codifica da cp1252 a UTF-8
parser.pas(3,13) Note: Added MODE Delphi syntax modifier after unit name.
 : 
 : *** Conversione dei files delle unit trovate nella conversione ***
calcunit.pas(2,15) Note: Added MODE Delphi syntax modifier after unit name.
CodeGen.pas(3,14) Note: Added MODE Delphi syntax modifier after unit name.
 : 
 : *** Aggiusto unit usate e riparo i file dei form ***
 Progress: La conversione ha richiesto: 00:00:55
 : Conversione pronta.
